<?xml version="1.0" encoding="UTF-8"?>
<testsuite xmlns:xsi="http://www.w3.org/2001/XMLSchema-instance" xsi:noNamespaceSchemaLocation="https://maven.apache.org/surefire/maven-surefire-plugin/xsd/surefire-test-report-3.0.xsd" version="3.0" name="com.classagenda.shared.config.ServerConfigTest" time="0.042" tests="3" errors="0" skipped="0" failures="0">
  <properties>
[...]
</properties>
  <testcase name="returnsDefaultPortWhenValueIsMissingOrBlank" classname="com.classagenda.shared.config.ServerConfigTest" time="0.017"/>
  <testcase name="returnsConfiguredPortWhenValueIsValid" classname="com.classagenda.shared.config.ServerConfigTest" time="0.001"/>
  <testcase name="returnsDefaultPortWhenValueIsNotValidNumber" classname="com.classagenda.shared.config.ServerConfigTest" time="0.0"/>
</testsuite>